0 info it worked if it ends with ok
1 verbose cli [ 'c:\\Program Files\\nodejs\\node.exe',
1 verbose cli   'c:\\Users\\ahm\\AppData\\Roaming\\npm\\node_modules\\npm\\bin\\npm-cli.js',
1 verbose cli   'install',
1 verbose cli   '-g',
1 verbose cli   'grunt-cli',
1 verbose cli   'bower' ]
2 info using npm@2.1.17
3 info using node@v0.10.35
4 silly cache add args [ 'grunt-cli', null ]
5 verbose cache add spec grunt-cli
6 silly cache add args [ 'bower', null ]
7 verbose cache add spec bower
8 silly cache add parsed spec { raw: 'grunt-cli',
8 silly cache add   scope: null,
8 silly cache add   name: 'grunt-cli',
8 silly cache add   rawSpec: '',
8 silly cache add   spec: '*',
8 silly cache add   type: 'range' }
9 verbose addNamed grunt-cli@*
10 silly addNamed semver.valid null
11 silly addNamed semver.validRange *
12 silly addNameRange { name: 'grunt-cli', range: '*', hasData: false }
13 silly mapToRegistry name grunt-cli
14 silly mapToRegistry using default registry
15 silly mapToRegistry registry https://registry.npmjs.org/
16 silly mapToRegistry uri https://registry.npmjs.org/grunt-cli
17 verbose addNameRange registry:https://registry.npmjs.org/grunt-cli not in flight; fetching
18 silly cache add parsed spec { raw: 'bower',
18 silly cache add   scope: null,
18 silly cache add   name: 'bower',
18 silly cache add   rawSpec: '',
18 silly cache add   spec: '*',
18 silly cache add   type: 'range' }
19 verbose addNamed bower@*
20 silly addNamed semver.valid null
21 silly addNamed semver.validRange *
22 silly addNameRange { name: 'bower', range: '*', hasData: false }
23 silly mapToRegistry name bower
24 silly mapToRegistry using default registry
25 silly mapToRegistry registry https://registry.npmjs.org/
26 silly mapToRegistry uri https://registry.npmjs.org/bower
27 verbose addNameRange registry:https://registry.npmjs.org/bower not in flight; fetching
28 verbose request uri https://registry.npmjs.org/grunt-cli
29 verbose request no auth needed
30 info attempt registry request try #1 at 11:46:17
31 verbose request id c67cff4a9576ee73
32 verbose etag "8IRNUW5DNWWC81KLYVNWJT0U1"
33 http request GET https://registry.npmjs.org/grunt-cli
34 verbose request uri https://registry.npmjs.org/bower
35 verbose request no auth needed
36 info attempt registry request try #1 at 11:46:17
37 verbose etag "BI4091NDN56S9FYHY0MWD0599"
38 http request GET https://registry.npmjs.org/bower
39 http 304 https://registry.npmjs.org/bower
40 silly get cb [ 304,
40 silly get   { date: 'Sat, 03 Jan 2015 02:46:15 GMT',
40 silly get     server: 'Apache',
40 silly get     via: '1.1 varnish',
40 silly get     'last-modified': 'Sat, 03 Jan 2015 02:46:15 GMT',
40 silly get     'cache-control': 'max-age=60',
40 silly get     etag: '"BI4091NDN56S9FYHY0MWD0599"',
40 silly get     age: '39',
40 silly get     'x-served-by': 'cache-ty68-TYO',
40 silly get     'x-cache': 'HIT',
40 silly get     'x-cache-hits': '1',
40 silly get     'x-timer': 'S1420253175.826879,VS0,VE0',
40 silly get     vary: 'Accept',
40 silly get     'content-length': '0',
40 silly get     'keep-alive': 'timeout=10, max=50',
40 silly get     connection: 'Keep-Alive' } ]
41 verbose etag https://registry.npmjs.org/bower from cache
42 silly addNameRange number 2 { name: 'bower', range: '*', hasData: true }
43 silly addNameRange versions [ 'bower',
43 silly addNameRange   [ '0.1.0',
43 silly addNameRange     '0.1.2',
43 silly addNameRange     '0.1.3',
43 silly addNameRange     '0.2.0',
43 silly addNameRange     '0.3.0',
43 silly addNameRange     '0.3.1',
43 silly addNameRange     '0.3.2',
43 silly addNameRange     '0.4.0',
43 silly addNameRange     '0.5.0',
43 silly addNameRange     '0.5.1',
43 silly addNameRange     '0.6.0',
43 silly addNameRange     '0.6.1',
43 silly addNameRange     '0.6.2',
43 silly addNameRange     '0.6.3',
43 silly addNameRange     '0.6.4',
43 silly addNameRange     '0.6.5',
43 silly addNameRange     '0.6.6',
43 silly addNameRange     '0.6.7',
43 silly addNameRange     '0.6.8',
43 silly addNameRange     '0.7.0',
43 silly addNameRange     '0.7.1',
43 silly addNameRange     '0.8.0',
43 silly addNameRange     '0.8.1',
43 silly addNameRange     '0.8.2',
43 silly addNameRange     '0.8.3',
43 silly addNameRange     '0.8.4',
43 silly addNameRange     '0.8.5',
43 silly addNameRange     '0.8.6',
43 silly addNameRange     '0.9.0',
43 silly addNameRange     '0.9.1',
43 silly addNameRange     '0.9.2',
43 silly addNameRange     '0.10.0',
43 silly addNameRange     '1.0.0',
43 silly addNameRange     '1.0.1',
43 silly addNameRange     '1.0.2',
43 silly addNameRange     '1.0.3',
43 silly addNameRange     '1.1.0',
43 silly addNameRange     '1.1.1',
43 silly addNameRange     '1.1.2',
43 silly addNameRange     '1.2.0',
43 silly addNameRange     '1.2.1',
43 silly addNameRange     '1.2.2',
43 silly addNameRange     '1.2.3',
43 silly addNameRange     '1.2.4',
43 silly addNameRange     '1.2.5',
43 silly addNameRange     '1.2.6',
43 silly addNameRange     '1.2.7',
43 silly addNameRange     '1.2.8',
43 silly addNameRange     '1.3.0',
43 silly addNameRange     '1.3.1',
43 silly addNameRange     '1.3.2',
43 silly addNameRange     '1.3.3',
43 silly addNameRange     '1.3.4',
43 silly addNameRange     '1.3.5',
43 silly addNameRange     '1.3.6',
43 silly addNameRange     '1.3.7',
43 silly addNameRange     '1.3.8',
43 silly addNameRange     '1.3.9',
43 silly addNameRange     '1.3.10',
43 silly addNameRange     '1.3.11',
43 silly addNameRange     '1.3.12' ] ]
44 verbose addNamed bower@1.3.12
45 silly addNamed semver.valid 1.3.12
46 silly addNamed semver.validRange 1.3.12
47 silly cache afterAdd bower@1.3.12
48 verbose afterAdd C:\Users\ahm\AppData\Roaming\npm-cache\bower\1.3.12\package\package.json not in flight; writing
49 verbose afterAdd C:\Users\ahm\AppData\Roaming\npm-cache\bower\1.3.12\package\package.json written
50 http 304 https://registry.npmjs.org/grunt-cli
51 silly get cb [ 304,
51 silly get   { date: 'Sat, 03 Jan 2015 02:46:15 GMT',
51 silly get     server: 'Apache',
51 silly get     via: '1.1 varnish',
51 silly get     'last-modified': 'Sat, 03 Jan 2015 02:46:15 GMT',
51 silly get     'cache-control': 'max-age=60',
51 silly get     etag: '"8IRNUW5DNWWC81KLYVNWJT0U1"',
51 silly get     age: '0',
51 silly get     'x-served-by': 'cache-ty67-TYO',
51 silly get     'x-cache': 'HIT',
51 silly get     'x-cache-hits': '1',
51 silly get     'x-timer': 'S1420253175.831691,VS0,VE115',
51 silly get     vary: 'Accept',
51 silly get     'content-length': '0',
51 silly get     'keep-alive': 'timeout=10, max=50',
51 silly get     connection: 'Keep-Alive' } ]
52 verbose etag https://registry.npmjs.org/grunt-cli from cache
53 silly addNameRange number 2 { name: 'grunt-cli', range: '*', hasData: true }
54 silly addNameRange versions [ 'grunt-cli',
54 silly addNameRange   [ '0.1.0',
54 silly addNameRange     '0.1.1',
54 silly addNameRange     '0.1.2',
54 silly addNameRange     '0.1.3',
54 silly addNameRange     '0.1.4',
54 silly addNameRange     '0.1.5',
54 silly addNameRange     '0.1.6',
54 silly addNameRange     '0.1.7',
54 silly addNameRange     '0.1.8',
54 silly addNameRange     '0.1.9',
54 silly addNameRange     '0.1.10',
54 silly addNameRange     '0.1.11',
54 silly addNameRange     '0.1.12',
54 silly addNameRange     '0.1.13' ] ]
55 verbose addNamed grunt-cli@0.1.13
56 silly addNamed semver.valid 0.1.13
57 silly addNamed semver.validRange 0.1.13
58 silly cache afterAdd grunt-cli@0.1.13
59 verbose afterAdd C:\Users\ahm\AppData\Roaming\npm-cache\grunt-cli\0.1.13\package\package.json not in flight; writing
60 verbose afterAdd C:\Users\ahm\AppData\Roaming\npm-cache\grunt-cli\0.1.13\package\package.json written
61 silly install resolved [ { name: 'bower',
61 silly install resolved     version: '1.3.12',
61 silly install resolved     description: 'The browser package manager',
61 silly install resolved     author: { name: 'Twitter' },
61 silly install resolved     licenses: [ [Object] ],
61 silly install resolved     repository: { type: 'git', url: 'https://github.com/bower/bower' },
61 silly install resolved     main: 'lib',
61 silly install resolved     homepage: 'http://bower.io',
61 silly install resolved     engines: { node: '>=0.10.0' },
61 silly install resolved     dependencies:
61 silly install resolved      { abbrev: '~1.0.4',
61 silly install resolved        archy: '0.0.2',
61 silly install resolved        'bower-config': '~0.5.2',
61 silly install resolved        'bower-endpoint-parser': '~0.2.2',
61 silly install resolved        'bower-json': '~0.4.0',
61 silly install resolved        'bower-logger': '~0.2.2',
61 silly install resolved        'bower-registry-client': '~0.2.0',
61 silly install resolved        cardinal: '0.4.0',
61 silly install resolved        chalk: '0.5.0',
61 silly install resolved        chmodr: '0.1.0',
61 silly install resolved        'decompress-zip': '0.0.8',
61 silly install resolved        fstream: '~1.0.2',
61 silly install resolved        'fstream-ignore': '~1.0.1',
61 silly install resolved        glob: '~4.0.2',
61 silly install resolved        'graceful-fs': '~3.0.1',
61 silly install resolved        handlebars: '~2.0.0',
61 silly install resolved        inquirer: '0.7.1',
61 silly install resolved        insight: '0.4.3',
61 silly install resolved        'is-root': '~1.0.0',
61 silly install resolved        junk: '~1.0.0',
61 silly install resolved        lockfile: '~1.0.0',
61 silly install resolved        'lru-cache': '~2.5.0',
61 silly install resolved        mkdirp: '0.5.0',
61 silly install resolved        mout: '~0.9.0',
61 silly install resolved        nopt: '~3.0.0',
61 silly install resolved        opn: '~1.0.0',
61 silly install resolved        osenv: '0.1.0',
61 silly install resolved        'p-throttler': '0.1.0',
61 silly install resolved        promptly: '0.2.0',
61 silly install resolved        q: '~1.0.1',
61 silly install resolved        request: '~2.42.0',
61 silly install resolved        'request-progress': '0.3.0',
61 silly install resolved        retry: '0.6.0',
61 silly install resolved        rimraf: '~2.2.0',
61 silly install resolved        semver: '~2.3.0',
61 silly install resolved        'shell-quote': '~1.4.1',
61 silly install resolved        'stringify-object': '~1.0.0',
61 silly install resolved        'tar-fs': '0.5.2',
61 silly install resolved        tmp: '0.0.23',
61 silly install resolved        'update-notifier': '0.2.0',
61 silly install resolved        which: '~1.0.5' },
61 silly install resolved     devDependencies:
61 silly install resolved      { coveralls: '~2.11.0',
61 silly install resolved        'expect.js': '~0.3.1',
61 silly install resolved        grunt: '~0.4.4',
61 silly install resolved        'grunt-cli': '^0.1.13',
61 silly install resolved        'grunt-contrib-jshint': '~0.10.0',
61 silly install resolved        'grunt-contrib-watch': '~0.6.1',
61 silly install resolved        'grunt-exec': '~0.4.2',
61 silly install resolved        'grunt-simple-mocha': '~0.4.0',
61 silly install resolved        istanbul: '~0.3.2',
61 silly install resolved        'load-grunt-tasks': '~0.6.0',
61 silly install resolved        mocha: '~1.21.4',
61 silly install resolved        nock: '~0.46.0',
61 silly install resolved        'node-uuid': '~1.4.1',
61 silly install resolved        proxyquire: '~1.0.1' },
61 silly install resolved     scripts: { test: 'grunt test' },
61 silly install resolved     bin: { bower: 'bin/bower' },
61 silly install resolved     preferGlobal: true,
61 silly install resolved     gitHead: 'b26c072f0db054a1902ec4d2e3726dbf8a1c799a',
61 silly install resolved     bugs: { url: 'https://github.com/bower/bower/issues' },
61 silly install resolved     _id: 'bower@1.3.12',
61 silly install resolved     _shasum: '37de0edb3904baf90aee13384a1a379a05ee214c',
61 silly install resolved     _from: 'bower@*',
61 silly install resolved     _npmVersion: '2.0.0',
61 silly install resolved     _npmUser: { name: 'sheerun', email: 'sheerun@sher.pl' },
61 silly install resolved     maintainers: [ [Object], [Object], [Object], [Object], [Object], [Object] ],
61 silly install resolved     dist:
61 silly install resolved      { shasum: '37de0edb3904baf90aee13384a1a379a05ee214c',
61 silly install resolved        tarball: 'http://registry.npmjs.org/bower/-/bower-1.3.12.tgz' },
61 silly install resolved     directories: {},
61 silly install resolved     _resolved: 'https://registry.npmjs.org/bower/-/bower-1.3.12.tgz',
61 silly install resolved     readme: 'ERROR: No README data found!' },
61 silly install resolved   { name: 'grunt-cli',
61 silly install resolved     description: 'The grunt command line interface.',
61 silly install resolved     version: '0.1.13',
61 silly install resolved     author: { name: 'Grunt Team' },
61 silly install resolved     homepage: 'http://gruntjs.com/',
61 silly install resolved     repository: { type: 'git', url: 'git://github.com/gruntjs/grunt-cli.git' },
61 silly install resolved     bugs: { url: 'http://github.com/gruntjs/grunt-cli/issues' },
61 silly install resolved     licenses: [ [Object] ],
61 silly install resolved     bin: { grunt: 'bin/grunt' },
61 silly install resolved     engines: { node: '>= 0.8.0' },
61 silly install resolved     scripts: { test: 'node bin/grunt test' },
61 silly install resolved     preferGlobal: true,
61 silly install resolved     dependencies: { nopt: '~1.0.10', 'findup-sync': '~0.1.0', resolve: '~0.3.1' },
61 silly install resolved     devDependencies: { grunt: '~0.4.0', 'grunt-contrib-jshint': '~0.2.0' },
61 silly install resolved     contributors: [ [Object], [Object], [Object], [Object] ],
61 silly install resolved     _id: 'grunt-cli@0.1.13',
61 silly install resolved     dist:
61 silly install resolved      { shasum: 'e9ebc4047631f5012d922770c39378133cad10f4',
61 silly install resolved        tarball: 'http://registry.npmjs.org/grunt-cli/-/grunt-cli-0.1.13.tgz' },
61 silly install resolved     _from: 'grunt-cli@*',
61 silly install resolved     _npmVersion: '1.3.24',
61 silly install resolved     _npmUser: { name: 'tkellen', email: 'tyler@sleekcode.net' },
61 silly install resolved     maintainers: [ [Object] ],
61 silly install resolved     directories: {},
61 silly install resolved     _shasum: 'e9ebc4047631f5012d922770c39378133cad10f4',
61 silly install resolved     _resolved: 'https://registry.npmjs.org/grunt-cli/-/grunt-cli-0.1.13.tgz',
61 silly install resolved     readme: 'ERROR: No README data found!' } ]
62 info install bower@1.3.12 into c:\Program Files\nodejs
63 info install grunt-cli@0.1.13 into c:\Program Files\nodejs
64 info installOne bower@1.3.12
65 verbose installOne of bower to c:\Program Files\nodejs not in flight; installing
66 info installOne grunt-cli@0.1.13
67 verbose installOne of grunt-cli to c:\Program Files\nodejs not in flight; installing
68 verbose lock using C:\Users\ahm\AppData\Roaming\npm-cache\_locks\bower-d0cecbb215ad5cdb.lock for c:\Program Files\nodejs\node_modules\bower
69 verbose lock using C:\Users\ahm\AppData\Roaming\npm-cache\_locks\grunt-cli-bba60cbe1cc84b66.lock for c:\Program Files\nodejs\node_modules\grunt-cli
70 silly install write writing bower 1.3.12 to c:\Program Files\nodejs\node_modules\bower
71 silly cache addNamed cb bower@1.3.12
72 verbose unbuild node_modules\bower
73 silly install write writing grunt-cli 0.1.13 to c:\Program Files\nodejs\node_modules\grunt-cli
74 silly cache addNamed cb grunt-cli@0.1.13
75 verbose unbuild node_modules\grunt-cli
76 verbose gentlyRm vacuuming c:\Program Files\nodejs\node_modules\bower
77 verbose gentlyRm vacuuming c:\Program Files\nodejs\node_modules\grunt-cli
78 verbose tar unpack C:\Users\ahm\AppData\Roaming\npm-cache\bower\1.3.12\package.tgz
79 verbose tar unpacking to c:\Program Files\nodejs\node_modules\bower
80 verbose gentlyRm vacuuming c:\Program Files\nodejs\node_modules\bower
81 verbose tar unpack C:\Users\ahm\AppData\Roaming\npm-cache\grunt-cli\0.1.13\package.tgz
82 verbose tar unpacking to c:\Program Files\nodejs\node_modules\grunt-cli
83 verbose gentlyRm vacuuming c:\Program Files\nodejs\node_modules\grunt-cli
84 silly gunzTarPerm modes [ '777', '666' ]
85 silly gunzTarPerm modes [ '777', '666' ]
86 error tar.unpack untar error C:\Users\ahm\AppData\Roaming\npm-cache\bower\1.3.12\package.tgz
87 error tar.unpack untar error C:\Users\ahm\AppData\Roaming\npm-cache\grunt-cli\0.1.13\package.tgz
88 verbose unlock done using C:\Users\ahm\AppData\Roaming\npm-cache\_locks\bower-d0cecbb215ad5cdb.lock for c:\Program Files\nodejs\node_modules\bower
89 verbose unlock done using C:\Users\ahm\AppData\Roaming\npm-cache\_locks\grunt-cli-bba60cbe1cc84b66.lock for c:\Program Files\nodejs\node_modules\grunt-cli
90 verbose fstream_path c:\Program Files\nodejs\node_modules\bower
91 verbose fstream_type Directory
92 verbose fstream_class DirWriter
93 verbose stack Error: EPERM, mkdir 'c:\Program Files\nodejs\node_modules\bower'
94 verbose fstream_stack c:\Users\ahm\AppData\Roaming\npm\node_modules\npm\node_modules\fstream\lib\dir-writer.js:36:23
94 verbose fstream_stack c:\Users\ahm\AppData\Roaming\npm\node_modules\npm\node_modules\mkdirp\index.js:46:53
94 verbose fstream_stack Object.oncomplete (fs.js:108:15)
95 verbose cwd c:\Work\yeoman\angulartest
96 error Windows_NT 6.2.9200
97 error argv "c:\\Program Files\\nodejs\\node.exe" "c:\\Users\\ahm\\AppData\\Roaming\\npm\\node_modules\\npm\\bin\\npm-cli.js" "install" "-g" "grunt-cli" "bower"
98 error node v0.10.35
99 error npm  v2.1.17
100 error path c:\Program Files\nodejs\node_modules\bower
101 error code EPERM
102 error errno 50
103 error Error: EPERM, mkdir 'c:\Program Files\nodejs\node_modules\bower'
103 error  { [Error: EPERM, mkdir 'c:\Program Files\nodejs\node_modules\bower']
103 error   errno: 50,
103 error   code: 'EPERM',
103 error   path: 'c:\\Program Files\\nodejs\\node_modules\\bower',
103 error   fstream_type: 'Directory',
103 error   fstream_path: 'c:\\Program Files\\nodejs\\node_modules\\bower',
103 error   fstream_class: 'DirWriter',
103 error   fstream_stack:
103 error    [ 'c:\\Users\\ahm\\AppData\\Roaming\\npm\\node_modules\\npm\\node_modules\\fstream\\lib\\dir-writer.js:36:23',
103 error      'c:\\Users\\ahm\\AppData\\Roaming\\npm\\node_modules\\npm\\node_modules\\mkdirp\\index.js:46:53',
103 error      'Object.oncomplete (fs.js:108:15)' ] }
104 error Please try running this command again as root/Administrator.
105 verbose exit [ 50, true ]
106 verbose unbuild node_modules\bower
107 verbose gentlyRm vacuuming c:\Program Files\nodejs\node_modules\bower
108 verbose unbuild node_modules\grunt-cli
109 verbose gentlyRm vacuuming c:\Program Files\nodejs\node_modules\grunt-cli
